  CircularLinkedList.c
C:\CStudy\20220511_c\20220511_c\CircularLinkedList.c(9,28): warning C4013: 'malloc'이(가) 정의되지 않았습니다. extern은 int형을 반환하는 것으로 간주합니다.
C:\CStudy\20220511_c\20220511_c\CircularLinkedList.c(25,14): warning C4133: '=': 'ListNode *'과(와) 'listNode *' 사이의 형식이 호환되지 않습니다.
C:\CStudy\20220511_c\20220511_c\CircularLinkedList.c(38,26): warning C4133: '=': 'listNode *'과(와) 'ListNode *' 사이의 형식이 호환되지 않습니다.
C:\CStudy\20220511_c\20220511_c\CircularLinkedList.c(42,32): warning C4133: '!=': 'listNode *'과(와) 'ListNode *' 사이의 형식이 호환되지 않습니다.
C:\CStudy\20220511_c\20220511_c\CircularLinkedList.c(42,51): warning C4133: '=': 'ListNode *'과(와) 'listNode *' 사이의 형식이 호환되지 않습니다.
C:\CStudy\20220511_c\20220511_c\CircularLinkedList.c(44,23): warning C4133: '=': 'listNode *'과(와) 'ListNode *' 사이의 형식이 호환되지 않습니다.
C:\CStudy\20220511_c\20220511_c\CircularLinkedList.c(56,26): warning C4133: '=': 'listNode *'과(와) 'ListNode *' 사이의 형식이 호환되지 않습니다.
C:\CStudy\20220511_c\20220511_c\CircularLinkedList.c(60,22): warning C4133: '=': 'listNode *'과(와) 'ListNode *' 사이의 형식이 호환되지 않습니다.
C:\CStudy\20220511_c\20220511_c\CircularLinkedList.c(68,32): warning C4133: '==': 'listNode *'과(와) 'ListNode *' 사이의 형식이 호환되지 않습니다.
C:\CStudy\20220511_c\20220511_c\CircularLinkedList.c(69,7): warning C4013: 'free'이(가) 정의되지 않았습니다. extern은 int형을 반환하는 것으로 간주합니다.
C:\CStudy\20220511_c\20220511_c\CircularLinkedList.c(76,26): warning C4133: '!=': 'listNode *'과(와) 'ListNode *' 사이의 형식이 호환되지 않습니다.
C:\CStudy\20220511_c\20220511_c\CircularLinkedList.c(77,19): warning C4133: '=': 'ListNode *'과(와) 'listNode *' 사이의 형식이 호환되지 않습니다.
C:\CStudy\20220511_c\20220511_c\CircularLinkedList.c(80,44): warning C4133: '=': 'ListNode *'과(와) 'listNode *' 사이의 형식이 호환되지 않습니다.
C:\CStudy\20220511_c\20220511_c\CircularLinkedList.c(92,25): warning C4133: '=': 'ListNode *'과(와) 'listNode *' 사이의 형식이 호환되지 않습니다.
  ex4_3.c
C:\CStudy\20220511_c\20220511_c\ex4_3.c(8,8): warning C4013: 'printf'이(가) 정의되지 않았습니다. extern은 int형을 반환하는 것으로 간주합니다.
C:\CStudy\20220511_c\20220511_c\ex4_3.c(30,9): warning C4013: 'getchar'이(가) 정의되지 않았습니다. extern은 int형을 반환하는 것으로 간주합니다.
  코드를 생성하고 있습니다...
  20220511_c.vcxproj -> C:\CStudy\20220511_c\Debug\20220511_c.exe
